2022-04-11 12:44:50:4450 [33mwarn[39m: [33mSERVER IS IN DEVELOPMENT MODE![39m
2022-04-11 12:44:50:4450 [32minfo[39m: [32mServer running on port http://localhost:3001[39m
2022-04-11 12:44:50:4450 [32minfo[39m: [32mSuccessfully connected to database[39m
2022-04-11 12:44:50:4450 [32minfo[39m: [32mDatabase connected[39m
2022-04-11 12:44:50:4450 [35mhttp[39m: [35mGET /randomUrl 404 13244 - 2.546 ms[39m
[35m[39m
2022-04-11 12:44:50:4450 [35mhttp[39m: [35mGET /randomUrl 404 13244 - 0.759 ms[39m
[35m[39m
2022-04-11 12:44:50:4450 [35mhttp[39m: [35mGET / 200 17 - 0.440 ms[39m
[35m[39m
2022-04-11 12:44:50:4450 [35mhttp[39m: [35mGET / 200 17 - 0.230 ms[39m
[35m[39m
2022-04-11 12:45:39:4539 [33mwarn[39m: [33mSERVER IS IN DEVELOPMENT MODE![39m
2022-04-11 12:45:39:4539 [32minfo[39m: [32mServer running on port http://localhost:3001[39m
2022-04-11 12:45:39:4539 [32minfo[39m: [32mSuccessfully connected to database[39m
2022-04-11 12:45:39:4539 [32minfo[39m: [32mDatabase connected[39m
2022-04-11 12:45:39:4539 [35mhttp[39m: [35mGET /randomUrl 404 13244 - 2.339 ms[39m
[35m[39m
2022-04-11 12:45:39:4539 [35mhttp[39m: [35mGET /randomUrl 404 13244 - 0.604 ms[39m
[35m[39m
2022-04-11 12:45:39:4539 [35mhttp[39m: [35mGET / 200 13 - 0.657 ms[39m
[35m[39m
2022-04-11 12:45:39:4539 [35mhttp[39m: [35mGET / 200 13 - 0.400 ms[39m
[35m[39m
2022-04-11 12:48:31:4831 [32minfo[39m: [32mSuccessfully connected to database[39m
2022-04-11 12:48:31:4831 [32minfo[39m: [32mDatabase connected[39m
2022-04-11 12:48:31:4831 [35mhttp[39m: [35mGET /evomu 404 13236 - 2.353 ms[39m
[35m[39m
2022-04-11 12:48:31:4831 [35mhttp[39m: [35mGET /users 404 13236 - 0.553 ms[39m
[35m[39m
2022-04-11 12:48:31:4831 [35mhttp[39m: [35mGET /users 404 13236 - 0.615 ms[39m
[35m[39m
2022-04-11 12:48:31:4831 [31merror[39m: [31mCast to ObjectId failed for value "Carina" (type string) at path "_id" for model "TodoList"[39m
2022-04-11 12:48:31:4831 [35mhttp[39m: [35mGET /user/Carina 400 30 - 5.564 ms[39m
[35m[39m
2022-04-11 12:48:32:4832 [35mhttp[39m: [35mPUT /user/ 404 2775 - 0.301 ms[39m
[35m[39m
2022-04-11 12:48:32:4832 [32minfo[39m: [32mcreateUser()[39m
2022-04-11 12:48:32:4832 [35mhttp[39m: [35m{ name: 'Carina', age: 29, gender: 'Female' }[39m
2022-04-11 12:48:32:4832 [37mdebug[39m: [37m{ name: 'Carina', age: 29, gender: 'Female' }[39m
2022-04-11 12:48:32:4832 [37mdebug[39m: [37m{[39m
[37m  name: 'Carina',[39m
[37m  age: 29,[39m
[37m  gender: 'Female',[39m
[37m  _id: new ObjectId("62540780476ec8184522c69a"),[39m
[37m  createdAt: 2022-04-11T10:48:32.022Z,[39m
[37m  updatedAt: 2022-04-11T10:48:32.022Z,[39m
[37m  __v: 0[39m
[37m}[39m
2022-04-11 12:48:32:4832 [35mhttp[39m: [35mPOST /user 201 163 - 13.284 ms[39m
[35m[39m
2022-04-11 12:48:32:4832 [31merror[39m: [31mCast to ObjectId failed for value "Carina" (type string) at path "_id" for model "TodoList"[39m
2022-04-11 12:48:32:4832 [35mhttp[39m: [35mGET /user/Carina 400 30 - 0.850 ms[39m
[35m[39m
2022-04-11 12:48:32:4832 [31merror[39m: [31mCast to ObjectId failed for value "Christoffer" (type string) at path "_id" for model "TodoList"[39m
2022-04-11 12:48:32:4832 [35mhttp[39m: [35mGET /user/Christoffer 400 30 - 0.767 ms[39m
[35m[39m
2022-04-11 12:48:32:4832 [35mhttp[39m: [35mPUT /user/ 404 2775 - 0.306 ms[39m
[35m[39m
2022-04-11 12:48:32:4832 [31merror[39m: [31mCast to ObjectId failed for value "Christoffer" (type string) at path "_id" for model "TodoList"[39m
2022-04-11 12:48:32:4832 [35mhttp[39m: [35mGET /user/Christoffer 400 30 - 0.832 ms[39m
[35m[39m
2022-04-11 12:48:32:4832 [31merror[39m: [31mCast to ObjectId failed for value "Carina" (type string) at path "_id" for model "TodoList"[39m
2022-04-11 12:48:32:4832 [35mhttp[39m: [35mDELETE /user/Carina 400 31 - 1.477 ms[39m
[35m[39m
2022-04-11 12:48:32:4832 [31merror[39m: [31mCast to ObjectId failed for value "Christoffer" (type string) at path "_id" for model "TodoList"[39m
2022-04-11 12:48:32:4832 [35mhttp[39m: [35mDELETE /user/Christoffer 400 31 - 0.863 ms[39m
[35m[39m
2022-04-11 12:48:46:4846 [33mwarn[39m: [33mSERVER IS IN DEVELOPMENT MODE![39m
2022-04-11 12:48:46:4846 [32minfo[39m: [32mServer running on port http://localhost:3001[39m
2022-04-11 12:48:46:4846 [32minfo[39m: [32mSuccessfully connected to database[39m
2022-04-11 12:48:46:4846 [32minfo[39m: [32mDatabase connected[39m
2022-04-11 12:48:46:4846 [35mhttp[39m: [35mGET /6hbmji 404 13238 - 2.276 ms[39m
[35m[39m
2022-04-11 12:48:46:4846 [35mhttp[39m: [35mGET /users 404 13236 - 0.806 ms[39m
[35m[39m
2022-04-11 12:48:46:4846 [35mhttp[39m: [35mGET /users 404 13236 - 0.456 ms[39m
[35m[39m
2022-04-11 12:48:46:4846 [31merror[39m: [31mCast to ObjectId failed for value "Carina" (type string) at path "_id" for model "TodoList"[39m
2022-04-11 12:48:46:4846 [35mhttp[39m: [35mGET /user/Carina 400 30 - 3.862 ms[39m
[35m[39m
2022-04-11 12:48:46:4846 [35mhttp[39m: [35mPUT /user/ 404 2775 - 0.321 ms[39m
[35m[39m
2022-04-11 12:48:46:4846 [32minfo[39m: [32mcreateUser()[39m
2022-04-11 12:48:46:4846 [35mhttp[39m: [35m{ name: 'Carina', age: 29, gender: 'Female' }[39m
2022-04-11 12:48:46:4846 [37mdebug[39m: [37m{ name: 'Carina', age: 29, gender: 'Female' }[39m
2022-04-11 12:48:46:4846 [37mdebug[39m: [37m{[39m
[37m  name: 'Carina',[39m
[37m  age: 29,[39m
[37m  gender: 'Female',[39m
[37m  _id: new ObjectId("6254078e390021f69f6ab12b"),[39m
[37m  createdAt: 2022-04-11T10:48:46.852Z,[39m
[37m  updatedAt: 2022-04-11T10:48:46.852Z,[39m
[37m  __v: 0[39m
[37m}[39m
2022-04-11 12:48:46:4846 [35mhttp[39m: [35mPOST /user 201 163 - 13.517 ms[39m
[35m[39m
2022-04-11 12:48:46:4846 [31merror[39m: [31mCast to ObjectId failed for value "Carina" (type string) at path "_id" for model "TodoList"[39m
2022-04-11 12:48:46:4846 [35mhttp[39m: [35mGET /user/Carina 400 30 - 0.798 ms[39m
[35m[39m
2022-04-11 12:48:46:4846 [31merror[39m: [31mCast to ObjectId failed for value "Christoffer" (type string) at path "_id" for model "TodoList"[39m
2022-04-11 12:48:46:4846 [35mhttp[39m: [35mGET /user/Christoffer 400 30 - 0.596 ms[39m
[35m[39m
2022-04-11 12:48:46:4846 [35mhttp[39m: [35mPUT /user/ 404 2775 - 0.298 ms[39m
[35m[39m
2022-04-11 12:48:46:4846 [31merror[39m: [31mCast to ObjectId failed for value "Christoffer" (type string) at path "_id" for model "TodoList"[39m
2022-04-11 12:48:46:4846 [35mhttp[39m: [35mGET /user/Christoffer 400 30 - 0.843 ms[39m
[35m[39m
2022-04-11 12:48:46:4846 [31merror[39m: [31mCast to ObjectId failed for value "Carina" (type string) at path "_id" for model "TodoList"[39m
2022-04-11 12:48:46:4846 [35mhttp[39m: [35mDELETE /user/Carina 400 31 - 1.339 ms[39m
[35m[39m
2022-04-11 12:48:46:4846 [31merror[39m: [31mCast to ObjectId failed for value "Christoffer" (type string) at path "_id" for model "TodoList"[39m
2022-04-11 12:48:46:4846 [35mhttp[39m: [35mDELETE /user/Christoffer 400 31 - 0.818 ms[39m
[35m[39m
